c:\users\idan\source\repos\edkantor\hospital\project1\project1\x64\debug\vc140.pdb
c:\users\idan\source\repos\edkantor\hospital\project1\project1\x64\debug\vc140.idb
c:\users\idan\source\repos\edkantor\hospital\project1\project1\x64\debug\date.obj
c:\users\idan\source\repos\edkantor\hospital\project1\project1\x64\debug\department.obj
c:\users\idan\source\repos\edkantor\hospital\project1\project1\x64\debug\doctor.obj
c:\users\idan\source\repos\edkantor\hospital\project1\project1\x64\debug\exception.obj
c:\users\idan\source\repos\edkantor\hospital\project1\project1\x64\debug\exitfunc.obj
c:\users\idan\source\repos\edkantor\hospital\project1\project1\x64\debug\fileio.obj
c:\users\idan\source\repos\edkantor\hospital\project1\project1\x64\debug\hospital.obj
c:\users\idan\source\repos\edkantor\hospital\project1\project1\x64\debug\inithospital.obj
c:\users\idan\source\repos\edkantor\hospital\project1\project1\x64\debug\main.obj
c:\users\idan\source\repos\edkantor\hospital\project1\project1\x64\debug\nurse.obj
c:\users\idan\source\repos\edkantor\hospital\project1\project1\x64\debug\patient.obj
c:\users\idan\source\repos\edkantor\hospital\project1\project1\x64\debug\article.obj
c:\users\idan\source\repos\edkantor\hospital\project1\project1\x64\debug\patientmanager.obj
c:\users\idan\source\repos\edkantor\hospital\project1\project1\x64\debug\docresearcher.obj
c:\users\idan\source\repos\edkantor\hospital\project1\project1\x64\debug\researcher.obj
c:\users\idan\source\repos\edkantor\hospital\project1\project1\x64\debug\staff.obj
c:\users\idan\source\repos\edkantor\hospital\project1\project1\x64\debug\surgeon.obj
c:\users\idan\source\repos\edkantor\hospital\project1\project1\x64\debug\surgeonresearcher.obj
c:\users\idan\source\repos\edkantor\hospital\project1\project1\x64\debug\visit.obj
c:\users\idan\source\repos\edkantor\hospital\project1\project1\x64\debug\visitsurgery.obj
c:\users\idan\source\repos\edkantor\hospital\project1\project1\x64\debug\array.obj
c:\users\idan\source\repos\edkantor\hospital\project1\x64\debug\hospital.ilk
c:\users\idan\source\repos\edkantor\hospital\project1\x64\debug\hospital.exe
c:\users\idan\source\repos\edkantor\hospital\project1\x64\debug\hospital.pdb
c:\users\idan\source\repos\edkantor\hospital\project1\project1\x64\debug\hospital.tlog\cl.command.1.tlog
c:\users\idan\source\repos\edkantor\hospital\project1\project1\x64\debug\hospital.tlog\cl.read.1.tlog
c:\users\idan\source\repos\edkantor\hospital\project1\project1\x64\debug\hospital.tlog\cl.write.1.tlog
c:\users\idan\source\repos\edkantor\hospital\project1\project1\x64\debug\hospital.tlog\link.command.1.tlog
c:\users\idan\source\repos\edkantor\hospital\project1\project1\x64\debug\hospital.tlog\link.read.1.tlog
c:\users\idan\source\repos\edkantor\hospital\project1\project1\x64\debug\hospital.tlog\link.write.1.tlog
