c:\users\edanka\source\repos\hospital\project1\project1\debug\vc140.pdb
c:\users\edanka\source\repos\hospital\project1\project1\debug\vc140.idb
c:\users\edanka\source\repos\hospital\project1\project1\debug\date.obj
c:\users\edanka\source\repos\hospital\project1\project1\debug\department.obj
c:\users\edanka\source\repos\hospital\project1\project1\debug\doctor.obj
c:\users\edanka\source\repos\hospital\project1\project1\debug\exitfunc.obj
c:\users\edanka\source\repos\hospital\project1\project1\debug\inithospital.obj
c:\users\edanka\source\repos\hospital\project1\project1\debug\main.obj
c:\users\edanka\source\repos\hospital\project1\project1\debug\nurse.obj
c:\users\edanka\source\repos\hospital\project1\project1\debug\patient.obj
c:\users\edanka\source\repos\hospital\project1\project1\debug\article.obj
c:\users\edanka\source\repos\hospital\project1\project1\debug\patientmanager.obj
c:\users\edanka\source\repos\hospital\project1\project1\debug\researcher.obj
c:\users\edanka\source\repos\hospital\project1\project1\debug\surgeon.obj
c:\users\edanka\source\repos\hospital\project1\project1\debug\visit.obj
c:\users\edanka\source\repos\hospital\project1\project1\debug\hospital.ilk
c:\users\edanka\source\repos\hospital\project1\project1\debug\hospital.exe
c:\users\edanka\source\repos\hospital\project1\project1\debug\hospital.pdb
c:\users\edanka\source\repos\hospital\project1\project1\debug\hospital.tlog\cl.command.1.tlog
c:\users\edanka\source\repos\hospital\project1\project1\debug\hospital.tlog\cl.read.1.tlog
c:\users\edanka\source\repos\hospital\project1\project1\debug\hospital.tlog\cl.write.1.tlog
c:\users\edanka\source\repos\hospital\project1\project1\debug\hospital.tlog\link.command.1.tlog
c:\users\edanka\source\repos\hospital\project1\project1\debug\hospital.tlog\link.read.1.tlog
c:\users\edanka\source\repos\hospital\project1\project1\debug\hospital.tlog\link.write.1.tlog
