c:\users\idan\source\repos\edkantor\hospital\project1\project1\debug\vc140.pdb
c:\users\idan\source\repos\edkantor\hospital\project1\project1\debug\vc140.idb
c:\users\idan\source\repos\edkantor\hospital\project1\project1\debug\date.obj
c:\users\idan\source\repos\edkantor\hospital\project1\project1\debug\doctor.obj
c:\users\idan\source\repos\edkantor\hospital\project1\project1\debug\main.obj
c:\users\idan\source\repos\edkantor\hospital\project1\project1\debug\department.obj
c:\users\idan\source\repos\edkantor\hospital\project1\project1\debug\nurse.obj
c:\users\idan\source\repos\edkantor\hospital\project1\project1\debug\patient.obj
c:\users\idan\source\repos\edkantor\hospital\project1\project1\debug\article.obj
c:\users\idan\source\repos\edkantor\hospital\project1\project1\debug\researcher.obj
c:\users\idan\source\repos\edkantor\hospital\project1\project1\debug\visit.obj
c:\users\idan\source\repos\edkantor\hospital\project1\debug\project1.ilk
c:\users\idan\source\repos\edkantor\hospital\project1\debug\project1.exe
c:\users\idan\source\repos\edkantor\hospital\project1\debug\project1.pdb
c:\users\idan\source\repos\edkantor\hospital\project1\project1\debug\project1.tlog\cl.command.1.tlog
c:\users\idan\source\repos\edkantor\hospital\project1\project1\debug\project1.tlog\cl.read.1.tlog
c:\users\idan\source\repos\edkantor\hospital\project1\project1\debug\project1.tlog\cl.write.1.tlog
c:\users\idan\source\repos\edkantor\hospital\project1\project1\debug\project1.tlog\link.command.1.tlog
c:\users\idan\source\repos\edkantor\hospital\project1\project1\debug\project1.tlog\link.read.1.tlog
c:\users\idan\source\repos\edkantor\hospital\project1\project1\debug\project1.tlog\link.write.1.tlog
